{"/Users/wille/projects/tdd-covid/babel.config.js": {"data":{"path":"/Users/wille/projects/tdd-covid/babel.config.js","statementMap":{"0":{"start":{"line":1,"column":0},"end":{"line":3,"column":2}}},"fnMap":{},"branchMap":{},"s":{"0":0},"f":{},"b":{},"hash":"726cb37361ce3166c68580a0fef4fe4b6bbe7581"}}
,"/Users/wille/projects/tdd-covid/jest.config.js": {"data":{"path":"/Users/wille/projects/tdd-covid/jest.config.js","statementMap":{"0":{"start":{"line":1,"column":0},"end":{"line":13,"column":2}}},"fnMap":{},"branchMap":{},"s":{"0":0},"f":{},"b":{},"hash":"cd442a73757baf3aea3d4778d9a8a4a97e1766ea"}}
,"/Users/wille/projects/tdd-covid/src/main.js": {"data":{"path":"/Users/wille/projects/tdd-covid/src/main.js","statementMap":{"0":{"start":{"line":6,"column":0},"end":{"line":6,"column":33}},"1":{"start":{"line":8,"column":0},"end":{"line":12,"column":18}},"2":{"start":{"line":11,"column":17},"end":{"line":11,"column":23}}},"fnMap":{"0":{"name":"(anonymous_0)","decl":{"start":{"line":11,"column":10},"end":{"line":11,"column":11}},"loc":{"start":{"line":11,"column":17},"end":{"line":11,"column":23}},"line":11}},"branchMap":{},"s":{"0":0,"1":0,"2":0},"f":{"0":0},"b":{},"hash":"0b085963dc39ff00281535130c284b2c8638c2be"}}
,"/Users/wille/projects/tdd-covid/src/router/index.js": {"data":{"path":"/Users/wille/projects/tdd-covid/src/router/index.js","statementMap":{"0":{"start":{"line":5,"column":0},"end":{"line":5,"column":19}},"1":{"start":{"line":7,"column":15},"end":{"line":22,"column":1}},"2":{"start":{"line":20,"column":6},"end":{"line":20,"column":66}},"3":{"start":{"line":24,"column":15},"end":{"line":28,"column":2}}},"fnMap":{"0":{"name":"(anonymous_0)","decl":{"start":{"line":19,"column":15},"end":{"line":19,"column":16}},"loc":{"start":{"line":20,"column":6},"end":{"line":20,"column":66}},"line":20}},"branchMap":{},"s":{"0":0,"1":0,"2":0,"3":0},"f":{"0":0},"b":{},"hash":"30e19f93ff0b6fc8a0c80ff4f0586ff36e8df8bb"}}
,"/Users/wille/projects/tdd-covid/src/store/index.js": {"data":{"path":"/Users/wille/projects/tdd-covid/src/store/index.js","statementMap":{"0":{"start":{"line":4,"column":0},"end":{"line":4,"column":14}}},"fnMap":{},"branchMap":{},"s":{"0":0},"f":{},"b":{},"hash":"f0599ebe1715d6e157728958cf9fd1b9a4cc8a74"}}
,"/Users/wille/projects/tdd-covid/tests/e2e/plugins/index.js": {"data":{"path":"/Users/wille/projects/tdd-covid/tests/e2e/plugins/index.js","statementMap":{"0":{"start":{"line":12,"column":0},"end":{"line":25,"column":2}},"1":{"start":{"line":18,"column":2},"end":{"line":24,"column":5}}},"fnMap":{"0":{"name":"(anonymous_0)","decl":{"start":{"line":12,"column":17},"end":{"line":12,"column":18}},"loc":{"start":{"line":12,"column":33},"end":{"line":25,"column":1}},"line":12}},"branchMap":{},"s":{"0":0,"1":0},"f":{"0":0},"b":{},"hash":"55920ce3a73e5bfbcef6d6917fc987ea4a6186e2"}}
,"/Users/wille/projects/tdd-covid/tests/e2e/specs/test.js": {"data":{"path":"/Users/wille/projects/tdd-covid/tests/e2e/specs/test.js","statementMap":{"0":{"start":{"line":3,"column":0},"end":{"line":8,"column":3}},"1":{"start":{"line":4,"column":2},"end":{"line":7,"column":5}},"2":{"start":{"line":5,"column":4},"end":{"line":5,"column":18}},"3":{"start":{"line":6,"column":4},"end":{"line":6,"column":52}}},"fnMap":{"0":{"name":"(anonymous_0)","decl":{"start":{"line":3,"column":26},"end":{"line":3,"column":27}},"loc":{"start":{"line":3,"column":32},"end":{"line":8,"column":1}},"line":3},"1":{"name":"(anonymous_1)","decl":{"start":{"line":4,"column":32},"end":{"line":4,"column":33}},"loc":{"start":{"line":4,"column":38},"end":{"line":7,"column":3}},"line":4}},"branchMap":{},"s":{"0":0,"1":0,"2":0,"3":0},"f":{"0":0,"1":0},"b":{},"hash":"20bd67dcffd284ab56a2c65958bd4f80a475927c"}}
,"/Users/wille/projects/tdd-covid/tests/e2e/support/commands.js": {"data":{"path":"/Users/wille/projects/tdd-covid/tests/e2e/support/commands.js","statementMap":{},"fnMap":{},"branchMap":{},"s":{},"f":{},"b":{},"hash":"d142cc66a2076ab897217a6da9fd79dd1e9d7d37"}}
,"/Users/wille/projects/tdd-covid/tests/e2e/support/index.js": {"data":{"path":"/Users/wille/projects/tdd-covid/tests/e2e/support/index.js","statementMap":{},"fnMap":{},"branchMap":{},"s":{},"f":{},"b":{},"hash":"79e434b9f3af8d7806638cfb88dfbd5de960d87d"}}
}
